Exporter version: 5.6.4, Blender version: 2.79 (sub 0)
========= Conversion from Blender to Babylon.js =========
	Scene settings used :
		export scope        :  ALL
		inline textures     :  false
		Positions Precision :  4
		Normals Precision   :  3
		UVs Precision       :  3
		Vert Color Precision:  3
		Mat Weight Precision:  2
		texture directory   :  /Users/andrija/Projects/babylon-code-game/client/public/assets/
	Python World class constructor completed
	WARNING: No active camera has been assigned, or is not in a currently selected Blender layer
	processing begun of mesh:  CorridorL
		processing begun of Standard material:  Corridor1Mat.002
		processing begun of Standard material:  Corridor1Light.002
		processing begun of multimaterial:  corridorL.Multimaterial#0
		num positions      :  3518
		num normals        :  3518
		num uvs            :  7036
		num uvs2           :  0
		num colors         :  0
		num indices        :  4926
		WARNING: # of 0 area faces found:  61
	processing begun of mesh:  colliderL4
		WARNING: No materials have been assigned: 
		num positions      :  4
		num normals        :  4
		num uvs            :  0
		num uvs2           :  0
		num colors         :  0
		num indices        :  6
	processing begun of mesh:  colliderL1
		WARNING: No materials have been assigned: 
		num positions      :  4
		num normals        :  4
		num uvs            :  0
		num uvs2           :  0
		num colors         :  0
		num indices        :  6
	processing begun of mesh:  colliderL2
		WARNING: No materials have been assigned: 
		num positions      :  4
		num normals        :  4
		num uvs            :  0
		num uvs2           :  0
		num colors         :  0
		num indices        :  6
	processing begun of mesh:  colliderL3
		WARNING: No materials have been assigned: 
		num positions      :  4
		num normals        :  4
		num uvs            :  0
		num uvs2           :  0
		num colors         :  0
		num indices        :  6
========= Writing of scene file started =========
========= Writing of scene file completed =========
========= end of processing =========
elapsed time:  0 min, 0.1375 secs
