Exporter version: 5.6.4, Blender version: 2.79 (sub 0)
========= Conversion from Blender to Babylon.js =========
	Scene settings used :
		export scope        :  ALL
		inline textures     :  false
		Positions Precision :  4
		Normals Precision   :  3
		UVs Precision       :  3
		Vert Color Precision:  3
		Mat Weight Precision:  2
		texture directory   :  /Users/andrija/Projects/babylon-code-game/client/public/assets/
	Python World class constructor completed
	WARNING: No active camera has been assigned, or is not in a currently selected Blender layer
	processing begun of mesh:  Barrel_WideS
		animation processing begun
			WARNING: action Action has no frames, ignored.
			processing action Barrel_WideSAction:  in[0 - 420], out[0 - 420]
		processing begun of baked material:  Barrel_WideS
			Internal baking texture, type: TEXTURE, mapped using: UVMap
			Internal baking texture, type: EMIT, mapped using: UVMap
			Internal baking texture, type: SPEC_COLOR, mapped using: UVMap
		num positions      :  904
		num normals        :  904
		num uvs            :  1808
		num uvs2           :  0
		num colors         :  0
		num indices        :  1560
========= Writing of scene file started =========
========= Writing of scene file completed =========
========= end of processing =========
elapsed time:  0 min, 8.9843 secs
